<?xml version="1.0" encoding="UTF-8"?>
<!-- Generated by org.testng.reporters.JUnitReportReporter -->
<testsuite hostname="LAPTOP-6O86QRAT" failures="0" tests="1" name="com.Test.Runners.SearchRunner" time="22.842" errors="0" timestamp="2020-05-07T10:24:06 BST" skipped="0">
  <testcase classname="com.Test.Runners.SearchRunner" name="runScenario" time="22.842"/>
  <system-out/>
</testsuite> <!-- com.Test.Runners.SearchRunner -->
