<?xml version="1.0" encoding="UTF-8"?>
<!-- Generated by org.testng.reporters.JUnitReportReporter -->
<testsuite hostname="LAPTOP-6O86QRAT" failures="0" tests="3" name="com.Test.Runners.LoginRunner" time="48.026" errors="0" timestamp="2020-05-07T10:24:32 BST" skipped="0">
  <testcase classname="com.Test.Runners.LoginRunner" name="runScenario" time="14.483"/>
  <system-out/>
  <testcase classname="com.Test.Runners.LoginRunner" name="runScenario" time="16.216"/>
  <system-out/>
  <testcase classname="com.Test.Runners.LoginRunner" name="runScenario" time="17.327"/>
  <system-out/>
</testsuite> <!-- com.Test.Runners.LoginRunner -->
