<?xml version="1.0" encoding="UTF-8"?>
<!-- Generated by org.testng.reporters.JUnitReportReporter -->
<testsuite hostname="LAPTOP-6O86QRAT" failures="0" tests="2" name="com.Test.Runners.GenericRunner" time="31.000" errors="0" timestamp="2020-05-05T17:06:54 BST" skipped="0">
  <testcase classname="com.Test.Runners.GenericRunner" name="runScenario" time="14.333"/>
  <system-out/>
  <testcase classname="com.Test.Runners.GenericRunner" name="runScenario" time="16.667"/>
  <system-out/>
</testsuite> <!-- com.Test.Runners.GenericRunner -->
